{"/media/katala/Локальный диск(ПРОГИ)/Учёба/!КУРСЫ/practice/money_flow/src/database.js": {"path":"/media/katala/Локальный диск(ПРОГИ)/Учёба/!КУРСЫ/practice/money_flow/src/database.js","statementMap":{"0":{"start":{"line":3,"column":13},"end":{"line":9,"column":2}}},"fnMap":{},"branchMap":{},"s":{"0":4},"f":{},"b":{},"_coverageSchema":"1a1c01bbd47fc00a2c39e90264f33305004495a9","hash":"ec78a1bb9fcbdea853d59bc732504e5dc7b68c6f"}
,"/media/katala/Локальный диск(ПРОГИ)/Учёба/!КУРСЫ/practice/money_flow/src/controllers/CategoryController.js": {"path":"/media/katala/Локальный диск(ПРОГИ)/Учёба/!КУРСЫ/practice/money_flow/src/controllers/CategoryController.js","statementMap":{"0":{"start":{"line":5,"column":8},"end":{"line":5,"column":39}},"1":{"start":{"line":6,"column":8},"end":{"line":6,"column":45}},"2":{"start":{"line":7,"column":8},"end":{"line":7,"column":45}},"3":{"start":{"line":8,"column":8},"end":{"line":8,"column":45}},"4":{"start":{"line":10,"column":8},"end":{"line":10,"column":63}},"5":{"start":{"line":14,"column":8},"end":{"line":19,"column":9}},"6":{"start":{"line":15,"column":34},"end":{"line":15,"column":82}},"7":{"start":{"line":16,"column":12},"end":{"line":16,"column":41}},"8":{"start":{"line":18,"column":12},"end":{"line":18,"column":49}},"9":{"start":{"line":23,"column":8},"end":{"line":29,"column":9}},"10":{"start":{"line":24,"column":29},"end":{"line":24,"column":41}},"11":{"start":{"line":25,"column":29},"end":{"line":25,"column":79}},"12":{"start":{"line":26,"column":12},"end":{"line":26,"column":36}},"13":{"start":{"line":28,"column":12},"end":{"line":28,"column":56}},"14":{"start":{"line":33,"column":19},"end":{"line":33,"column":44}},"15":{"start":{"line":34,"column":25},"end":{"line":34,"column":37}},"16":{"start":{"line":36,"column":8},"end":{"line":44,"column":9}},"17":{"start":{"line":37,"column":29},"end":{"line":40,"column":14}},"18":{"start":{"line":41,"column":12},"end":{"line":41,"column":36}},"19":{"start":{"line":43,"column":12},"end":{"line":43,"column":49}},"20":{"start":{"line":48,"column":19},"end":{"line":48,"column":44}},"21":{"start":{"line":50,"column":8},"end":{"line":55,"column":9}},"22":{"start":{"line":51,"column":12},"end":{"line":51,"column":61}},"23":{"start":{"line":52,"column":12},"end":{"line":52,"column":32}},"24":{"start":{"line":54,"column":12},"end":{"line":54,"column":49}}},"fnMap":{"0":{"name":"(anonymous_0)","decl":{"start":{"line":4,"column":4},"end":{"line":4,"column":5}},"loc":{"start":{"line":4,"column":22},"end":{"line":11,"column":5}},"line":4},"1":{"name":"(anonymous_1)","decl":{"start":{"line":13,"column":4},"end":{"line":13,"column":5}},"loc":{"start":{"line":13,"column":33},"end":{"line":20,"column":5}},"line":13},"2":{"name":"(anonymous_2)","decl":{"start":{"line":22,"column":4},"end":{"line":22,"column":5}},"loc":{"start":{"line":22,"column":42},"end":{"line":30,"column":5}},"line":22},"3":{"name":"(anonymous_3)","decl":{"start":{"line":32,"column":4},"end":{"line":32,"column":5}},"loc":{"start":{"line":32,"column":36},"end":{"line":45,"column":5}},"line":32},"4":{"name":"(anonymous_4)","decl":{"start":{"line":47,"column":4},"end":{"line":47,"column":5}},"loc":{"start":{"line":47,"column":36},"end":{"line":56,"column":5}},"line":47}},"branchMap":{},"s":{"0":8,"1":8,"2":8,"3":8,"4":8,"5":1,"6":1,"7":1,"8":0,"9":2,"10":2,"11":2,"12":1,"13":1,"14":2,"15":2,"16":2,"17":2,"18":1,"19":1,"20":2,"21":2,"22":2,"23":1,"24":1},"f":{"0":8,"1":1,"2":2,"3":2,"4":2},"b":{},"_coverageSchema":"1a1c01bbd47fc00a2c39e90264f33305004495a9","hash":"6caf53976a76e8c38f5942d068484b31e5a52814"}
,"/media/katala/Локальный диск(ПРОГИ)/Учёба/!КУРСЫ/practice/money_flow/src/controllers/UserController.js": {"path":"/media/katala/Локальный диск(ПРОГИ)/Учёба/!КУРСЫ/practice/money_flow/src/controllers/UserController.js","statementMap":{"0":{"start":{"line":9,"column":8},"end":{"line":9,"column":47}},"1":{"start":{"line":10,"column":8},"end":{"line":10,"column":49}},"2":{"start":{"line":11,"column":8},"end":{"line":11,"column":43}},"3":{"start":{"line":12,"column":8},"end":{"line":12,"column":45}},"4":{"start":{"line":13,"column":8},"end":{"line":13,"column":53}},"5":{"start":{"line":14,"column":8},"end":{"line":14,"column":71}},"6":{"start":{"line":15,"column":8},"end":{"line":15,"column":77}},"7":{"start":{"line":17,"column":8},"end":{"line":17,"column":55}},"8":{"start":{"line":18,"column":8},"end":{"line":18,"column":57}},"9":{"start":{"line":19,"column":8},"end":{"line":19,"column":69}},"10":{"start":{"line":23,"column":8},"end":{"line":35,"column":9}},"11":{"start":{"line":24,"column":27},"end":{"line":24,"column":41}},"12":{"start":{"line":25,"column":29},"end":{"line":25,"column":36}},"13":{"start":{"line":26,"column":12},"end":{"line":32,"column":13}},"14":{"start":{"line":27,"column":32},"end":{"line":27,"column":81}},"15":{"start":{"line":28,"column":16},"end":{"line":28,"column":40}},"16":{"start":{"line":29,"column":16},"end":{"line":29,"column":36}},"17":{"start":{"line":31,"column":16},"end":{"line":31,"column":60}},"18":{"start":{"line":34,"column":12},"end":{"line":34,"column":56}},"19":{"start":{"line":39,"column":8},"end":{"line":61,"column":9}},"20":{"start":{"line":40,"column":30},"end":{"line":40,"column":42}},"21":{"start":{"line":41,"column":33},"end":{"line":41,"column":45}},"22":{"start":{"line":42,"column":29},"end":{"line":42,"column":41}},"23":{"start":{"line":44,"column":25},"end":{"line":44,"column":47}},"24":{"start":{"line":45,"column":25},"end":{"line":45,"column":56}},"25":{"start":{"line":47,"column":25},"end":{"line":47,"column":88}},"26":{"start":{"line":49,"column":12},"end":{"line":49,"column":80}},"27":{"start":{"line":51,"column":12},"end":{"line":57,"column":15}},"28":{"start":{"line":58,"column":12},"end":{"line":58,"column":32}},"29":{"start":{"line":60,"column":12},"end":{"line":60,"column":56}},"30":{"start":{"line":65,"column":8},"end":{"line":84,"column":9}},"31":{"start":{"line":66,"column":30},"end":{"line":66,"column":42}},"32":{"start":{"line":67,"column":33},"end":{"line":67,"column":45}},"33":{"start":{"line":68,"column":25},"end":{"line":68,"column":73}},"34":{"start":{"line":70,"column":12},"end":{"line":81,"column":13}},"35":{"start":{"line":71,"column":16},"end":{"line":77,"column":19}},"36":{"start":{"line":78,"column":16},"end":{"line":78,"column":36}},"37":{"start":{"line":80,"column":16},"end":{"line":80,"column":53}},"38":{"start":{"line":83,"column":12},"end":{"line":83,"column":56}},"39":{"start":{"line":88,"column":8},"end":{"line":101,"column":9}},"40":{"start":{"line":89,"column":27},"end":{"line":89,"column":41}},"41":{"start":{"line":90,"column":29},"end":{"line":90,"column":36}},"42":{"start":{"line":91,"column":29},"end":{"line":91,"column":41}},"43":{"start":{"line":93,"column":12},"end":{"line":98,"column":13}},"44":{"start":{"line":94,"column":36},"end":{"line":94,"column":84}},"45":{"start":{"line":95,"column":16},"end":{"line":95,"column":43}},"46":{"start":{"line":97,"column":16},"end":{"line":97,"column":60}},"47":{"start":{"line":100,"column":12},"end":{"line":100,"column":56}},"48":{"start":{"line":105,"column":8},"end":{"line":111,"column":9}},"49":{"start":{"line":106,"column":27},"end":{"line":106,"column":44}},"50":{"start":{"line":107,"column":28},"end":{"line":107,"column":76}},"51":{"start":{"line":108,"column":12},"end":{"line":108,"column":39}},"52":{"start":{"line":110,"column":12},"end":{"line":110,"column":52}},"53":{"start":{"line":115,"column":8},"end":{"line":130,"column":9}},"54":{"start":{"line":116,"column":27},"end":{"line":116,"column":44}},"55":{"start":{"line":117,"column":29},"end":{"line":117,"column":36}},"56":{"start":{"line":118,"column":27},"end":{"line":118,"column":75}},"57":{"start":{"line":120,"column":12},"end":{"line":127,"column":13}},"58":{"start":{"line":122,"column":37},"end":{"line":122,"column":108}},"59":{"start":{"line":124,"column":16},"end":{"line":124,"column":44}},"60":{"start":{"line":126,"column":16},"end":{"line":126,"column":60}},"61":{"start":{"line":129,"column":12},"end":{"line":129,"column":57}},"62":{"start":{"line":134,"column":8},"end":{"line":151,"column":9}},"63":{"start":{"line":137,"column":16},"end":{"line":137,"column":28}},"64":{"start":{"line":138,"column":27},"end":{"line":138,"column":44}},"65":{"start":{"line":139,"column":29},"end":{"line":139,"column":36}},"66":{"start":{"line":141,"column":12},"end":{"line":148,"column":13}},"67":{"start":{"line":143,"column":36},"end":{"line":143,"column":139}},"68":{"start":{"line":145,"column":16},"end":{"line":145,"column":43}},"69":{"start":{"line":147,"column":16},"end":{"line":147,"column":60}},"70":{"start":{"line":150,"column":12},"end":{"line":150,"column":60}}},"fnMap":{"0":{"name":"(anonymous_0)","decl":{"start":{"line":8,"column":4},"end":{"line":8,"column":5}},"loc":{"start":{"line":8,"column":22},"end":{"line":20,"column":5}},"line":8},"1":{"name":"(anonymous_1)","decl":{"start":{"line":22,"column":4},"end":{"line":22,"column":5}},"loc":{"start":{"line":22,"column":43},"end":{"line":36,"column":5}},"line":22},"2":{"name":"(anonymous_2)","decl":{"start":{"line":38,"column":4},"end":{"line":38,"column":5}},"loc":{"start":{"line":38,"column":44},"end":{"line":62,"column":5}},"line":38},"3":{"name":"(anonymous_3)","decl":{"start":{"line":64,"column":4},"end":{"line":64,"column":5}},"loc":{"start":{"line":64,"column":41},"end":{"line":85,"column":5}},"line":64},"4":{"name":"(anonymous_4)","decl":{"start":{"line":87,"column":4},"end":{"line":87,"column":5}},"loc":{"start":{"line":87,"column":42},"end":{"line":102,"column":5}},"line":87},"5":{"name":"(anonymous_5)","decl":{"start":{"line":104,"column":4},"end":{"line":104,"column":5}},"loc":{"start":{"line":104,"column":46},"end":{"line":112,"column":5}},"line":104},"6":{"name":"(anonymous_6)","decl":{"start":{"line":114,"column":4},"end":{"line":114,"column":5}},"loc":{"start":{"line":114,"column":55},"end":{"line":131,"column":5}},"line":114},"7":{"name":"(anonymous_7)","decl":{"start":{"line":133,"column":4},"end":{"line":133,"column":5}},"loc":{"start":{"line":133,"column":58},"end":{"line":152,"column":5}},"line":133}},"branchMap":{"0":{"loc":{"start":{"line":26,"column":12},"end":{"line":32,"column":13}},"type":"if","locations":[{"start":{"line":26,"column":12},"end":{"line":32,"column":13}},{"start":{"line":26,"column":12},"end":{"line":32,"column":13}}],"line":26},"1":{"loc":{"start":{"line":26,"column":16},"end":{"line":26,"column":52}},"type":"binary-expr","locations":[{"start":{"line":26,"column":16},"end":{"line":26,"column":34}},{"start":{"line":26,"column":38},"end":{"line":26,"column":52}}],"line":26},"2":{"loc":{"start":{"line":70,"column":12},"end":{"line":81,"column":13}},"type":"if","locations":[{"start":{"line":70,"column":12},"end":{"line":81,"column":13}},{"start":{"line":70,"column":12},"end":{"line":81,"column":13}}],"line":70},"3":{"loc":{"start":{"line":93,"column":12},"end":{"line":98,"column":13}},"type":"if","locations":[{"start":{"line":93,"column":12},"end":{"line":98,"column":13}},{"start":{"line":93,"column":12},"end":{"line":98,"column":13}}],"line":93},"4":{"loc":{"start":{"line":93,"column":16},"end":{"line":93,"column":52}},"type":"binary-expr","locations":[{"start":{"line":93,"column":16},"end":{"line":93,"column":34}},{"start":{"line":93,"column":38},"end":{"line":93,"column":52}}],"line":93},"5":{"loc":{"start":{"line":118,"column":27},"end":{"line":118,"column":75}},"type":"cond-expr","locations":[{"start":{"line":118,"column":57},"end":{"line":118,"column":70}},{"start":{"line":118,"column":73},"end":{"line":118,"column":75}}],"line":118},"6":{"loc":{"start":{"line":120,"column":12},"end":{"line":127,"column":13}},"type":"if","locations":[{"start":{"line":120,"column":12},"end":{"line":127,"column":13}},{"start":{"line":120,"column":12},"end":{"line":127,"column":13}}],"line":120},"7":{"loc":{"start":{"line":120,"column":16},"end":{"line":120,"column":56}},"type":"binary-expr","locations":[{"start":{"line":120,"column":16},"end":{"line":120,"column":34}},{"start":{"line":120,"column":38},"end":{"line":120,"column":56}}],"line":120},"8":{"loc":{"start":{"line":141,"column":12},"end":{"line":148,"column":13}},"type":"if","locations":[{"start":{"line":141,"column":12},"end":{"line":148,"column":13}},{"start":{"line":141,"column":12},"end":{"line":148,"column":13}}],"line":141},"9":{"loc":{"start":{"line":141,"column":16},"end":{"line":141,"column":56}},"type":"binary-expr","locations":[{"start":{"line":141,"column":16},"end":{"line":141,"column":34}},{"start":{"line":141,"column":38},"end":{"line":141,"column":56}}],"line":141}},"s":{"0":14,"1":14,"2":14,"3":14,"4":14,"5":14,"6":14,"7":14,"8":14,"9":14,"10":2,"11":2,"12":2,"13":2,"14":2,"15":1,"16":1,"17":0,"18":1,"19":2,"20":2,"21":2,"22":2,"23":2,"24":2,"25":2,"26":1,"27":1,"28":1,"29":1,"30":2,"31":2,"32":2,"33":2,"34":1,"35":1,"36":1,"37":0,"38":1,"39":2,"40":2,"41":2,"42":2,"43":2,"44":2,"45":1,"46":0,"47":1,"48":2,"49":2,"50":2,"51":1,"52":1,"53":2,"54":2,"55":2,"56":2,"57":2,"58":2,"59":1,"60":0,"61":1,"62":2,"63":2,"64":2,"65":2,"66":2,"67":2,"68":1,"69":0,"70":1},"f":{"0":14,"1":2,"2":2,"3":2,"4":2,"5":2,"6":2,"7":2},"b":{"0":[2,0],"1":[2,2],"2":[1,0],"3":[2,0],"4":[2,2],"5":[2,0],"6":[2,0],"7":[2,2],"8":[2,0],"9":[2,2]},"_coverageSchema":"1a1c01bbd47fc00a2c39e90264f33305004495a9","hash":"14cb85feb88a83b99285e70bf99ec8917de46357"}
,"/media/katala/Локальный диск(ПРОГИ)/Учёба/!КУРСЫ/practice/money_flow/src/models/Category.js": {"path":"/media/katala/Локальный диск(ПРОГИ)/Учёба/!КУРСЫ/practice/money_flow/src/models/Category.js","statementMap":{"0":{"start":{"line":3,"column":8},"end":{"line":3,"column":22}},"1":{"start":{"line":4,"column":8},"end":{"line":4,"column":26}},"2":{"start":{"line":8,"column":8},"end":{"line":8,"column":24}},"3":{"start":{"line":12,"column":8},"end":{"line":12,"column":26}},"4":{"start":{"line":16,"column":8},"end":{"line":16,"column":30}},"5":{"start":{"line":20,"column":8},"end":{"line":23,"column":10}}},"fnMap":{"0":{"name":"(anonymous_0)","decl":{"start":{"line":2,"column":4},"end":{"line":2,"column":5}},"loc":{"start":{"line":2,"column":30},"end":{"line":5,"column":5}},"line":2},"1":{"name":"(anonymous_1)","decl":{"start":{"line":7,"column":4},"end":{"line":7,"column":5}},"loc":{"start":{"line":7,"column":13},"end":{"line":9,"column":5}},"line":7},"2":{"name":"(anonymous_2)","decl":{"start":{"line":11,"column":4},"end":{"line":11,"column":5}},"loc":{"start":{"line":11,"column":15},"end":{"line":13,"column":5}},"line":11},"3":{"name":"(anonymous_3)","decl":{"start":{"line":15,"column":4},"end":{"line":15,"column":5}},"loc":{"start":{"line":15,"column":23},"end":{"line":17,"column":5}},"line":15},"4":{"name":"(anonymous_4)","decl":{"start":{"line":19,"column":4},"end":{"line":19,"column":5}},"loc":{"start":{"line":19,"column":13},"end":{"line":24,"column":5}},"line":19}},"branchMap":{},"s":{"0":1,"1":1,"2":4,"3":4,"4":0,"5":4},"f":{"0":1,"1":4,"2":4,"3":0,"4":4},"b":{},"_coverageSchema":"1a1c01bbd47fc00a2c39e90264f33305004495a9","hash":"721901eaac4690bc293f3a5900326c8061935cb8"}
,"/media/katala/Локальный диск(ПРОГИ)/Учёба/!КУРСЫ/practice/money_flow/src/models/User.js": {"path":"/media/katala/Локальный диск(ПРОГИ)/Учёба/!КУРСЫ/practice/money_flow/src/models/User.js","statementMap":{"0":{"start":{"line":3,"column":8},"end":{"line":3,"column":22}},"1":{"start":{"line":4,"column":8},"end":{"line":4,"column":26}},"2":{"start":{"line":5,"column":8},"end":{"line":5,"column":28}},"3":{"start":{"line":9,"column":8},"end":{"line":9,"column":24}},"4":{"start":{"line":13,"column":8},"end":{"line":13,"column":26}},"5":{"start":{"line":17,"column":8},"end":{"line":17,"column":30}},"6":{"start":{"line":21,"column":8},"end":{"line":21,"column":27}},"7":{"start":{"line":25,"column":8},"end":{"line":25,"column":30}},"8":{"start":{"line":29,"column":8},"end":{"line":29,"column":27}},"9":{"start":{"line":33,"column":8},"end":{"line":39,"column":10}}},"fnMap":{"0":{"name":"(anonymous_0)","decl":{"start":{"line":2,"column":4},"end":{"line":2,"column":5}},"loc":{"start":{"line":2,"column":37},"end":{"line":6,"column":5}},"line":2},"1":{"name":"(anonymous_1)","decl":{"start":{"line":8,"column":4},"end":{"line":8,"column":5}},"loc":{"start":{"line":8,"column":13},"end":{"line":10,"column":5}},"line":8},"2":{"name":"(anonymous_2)","decl":{"start":{"line":12,"column":4},"end":{"line":12,"column":5}},"loc":{"start":{"line":12,"column":15},"end":{"line":14,"column":5}},"line":12},"3":{"name":"(anonymous_3)","decl":{"start":{"line":16,"column":4},"end":{"line":16,"column":5}},"loc":{"start":{"line":16,"column":23},"end":{"line":18,"column":5}},"line":16},"4":{"name":"(anonymous_4)","decl":{"start":{"line":20,"column":4},"end":{"line":20,"column":5}},"loc":{"start":{"line":20,"column":16},"end":{"line":22,"column":5}},"line":20},"5":{"name":"(anonymous_5)","decl":{"start":{"line":24,"column":4},"end":{"line":24,"column":5}},"loc":{"start":{"line":24,"column":19},"end":{"line":26,"column":5}},"line":24},"6":{"name":"(anonymous_6)","decl":{"start":{"line":28,"column":4},"end":{"line":28,"column":5}},"loc":{"start":{"line":28,"column":16},"end":{"line":30,"column":5}},"line":28},"7":{"name":"(anonymous_7)","decl":{"start":{"line":32,"column":4},"end":{"line":32,"column":5}},"loc":{"start":{"line":32,"column":13},"end":{"line":40,"column":5}},"line":32}},"branchMap":{"0":{"loc":{"start":{"line":38,"column":21},"end":{"line":38,"column":68}},"type":"cond-expr","locations":[{"start":{"line":38,"column":51},"end":{"line":38,"column":64}},{"start":{"line":38,"column":67},"end":{"line":38,"column":68}}],"line":38}},"s":{"0":15,"1":15,"2":15,"3":20,"4":10,"5":0,"6":9,"7":13,"8":7,"9":7},"f":{"0":15,"1":20,"2":10,"3":0,"4":9,"5":13,"6":7,"7":7},"b":{"0":[5,2]},"_coverageSchema":"1a1c01bbd47fc00a2c39e90264f33305004495a9","hash":"9b93c0c16ad19aacc2887b7cd7b78e111904d50a"}
,"/media/katala/Локальный диск(ПРОГИ)/Учёба/!КУРСЫ/practice/money_flow/src/repositories/AgentRepository.js": {"path":"/media/katala/Локальный диск(ПРОГИ)/Учёба/!КУРСЫ/practice/money_flow/src/repositories/AgentRepository.js","statementMap":{"0":{"start":{"line":3,"column":8},"end":{"line":3,"column":26}},"1":{"start":{"line":7,"column":28},"end":{"line":10,"column":9}},"2":{"start":{"line":11,"column":8},"end":{"line":11,"column":33}}},"fnMap":{"0":{"name":"(anonymous_0)","decl":{"start":{"line":2,"column":4},"end":{"line":2,"column":5}},"loc":{"start":{"line":2,"column":22},"end":{"line":4,"column":5}},"line":2},"1":{"name":"(anonymous_1)","decl":{"start":{"line":6,"column":4},"end":{"line":6,"column":5}},"loc":{"start":{"line":6,"column":31},"end":{"line":12,"column":5}},"line":6}},"branchMap":{},"s":{"0":0,"1":0,"2":0},"f":{"0":0,"1":0},"b":{},"_coverageSchema":"1a1c01bbd47fc00a2c39e90264f33305004495a9","hash":"2b772063f848c09c67798edfe4f25dceb0474b3a"}
,"/media/katala/Локальный диск(ПРОГИ)/Учёба/!КУРСЫ/practice/money_flow/src/repositories/CategoryRepository.js": {"path":"/media/katala/Локальный диск(ПРОГИ)/Учёба/!КУРСЫ/practice/money_flow/src/repositories/CategoryRepository.js","statementMap":{"0":{"start":{"line":5,"column":8},"end":{"line":5,"column":26}},"1":{"start":{"line":9,"column":8},"end":{"line":22,"column":9}},"2":{"start":{"line":10,"column":31},"end":{"line":10,"column":33}},"3":{"start":{"line":11,"column":34},"end":{"line":11,"column":92}},"4":{"start":{"line":12,"column":12},"end":{"line":18,"column":15}},"5":{"start":{"line":13,"column":33},"end":{"line":16,"column":18}},"6":{"start":{"line":17,"column":16},"end":{"line":17,"column":42}},"7":{"start":{"line":19,"column":12},"end":{"line":19,"column":30}},"8":{"start":{"line":21,"column":12},"end":{"line":21,"column":55}},"9":{"start":{"line":26,"column":28},"end":{"line":29,"column":9}},"10":{"start":{"line":31,"column":8},"end":{"line":33,"column":9}},"11":{"start":{"line":32,"column":12},"end":{"line":32,"column":52}},"12":{"start":{"line":35,"column":8},"end":{"line":38,"column":11}},"13":{"start":{"line":42,"column":28},"end":{"line":42,"column":125}},"14":{"start":{"line":44,"column":8},"end":{"line":46,"column":9}},"15":{"start":{"line":45,"column":12},"end":{"line":45,"column":52}},"16":{"start":{"line":48,"column":8},"end":{"line":51,"column":11}},"17":{"start":{"line":55,"column":23},"end":{"line":55,"column":109}},"18":{"start":{"line":57,"column":8},"end":{"line":59,"column":9}},"19":{"start":{"line":58,"column":12},"end":{"line":58,"column":52}},"20":{"start":{"line":61,"column":8},"end":{"line":61,"column":28}}},"fnMap":{"0":{"name":"(anonymous_0)","decl":{"start":{"line":4,"column":4},"end":{"line":4,"column":5}},"loc":{"start":{"line":4,"column":22},"end":{"line":6,"column":5}},"line":4},"1":{"name":"(anonymous_1)","decl":{"start":{"line":8,"column":4},"end":{"line":8,"column":5}},"loc":{"start":{"line":8,"column":29},"end":{"line":23,"column":5}},"line":8},"2":{"name":"(anonymous_2)","decl":{"start":{"line":12,"column":39},"end":{"line":12,"column":40}},"loc":{"start":{"line":12,"column":56},"end":{"line":18,"column":13}},"line":12},"3":{"name":"(anonymous_3)","decl":{"start":{"line":25,"column":4},"end":{"line":25,"column":5}},"loc":{"start":{"line":25,"column":31},"end":{"line":39,"column":5}},"line":25},"4":{"name":"(anonymous_4)","decl":{"start":{"line":41,"column":4},"end":{"line":41,"column":5}},"loc":{"start":{"line":41,"column":39},"end":{"line":52,"column":5}},"line":41},"5":{"name":"(anonymous_5)","decl":{"start":{"line":54,"column":4},"end":{"line":54,"column":5}},"loc":{"start":{"line":54,"column":29},"end":{"line":62,"column":5}},"line":54}},"branchMap":{"0":{"loc":{"start":{"line":31,"column":8},"end":{"line":33,"column":9}},"type":"if","locations":[{"start":{"line":31,"column":8},"end":{"line":33,"column":9}},{"start":{"line":31,"column":8},"end":{"line":33,"column":9}}],"line":31},"1":{"loc":{"start":{"line":44,"column":8},"end":{"line":46,"column":9}},"type":"if","locations":[{"start":{"line":44,"column":8},"end":{"line":46,"column":9}},{"start":{"line":44,"column":8},"end":{"line":46,"column":9}}],"line":44},"2":{"loc":{"start":{"line":57,"column":8},"end":{"line":59,"column":9}},"type":"if","locations":[{"start":{"line":57,"column":8},"end":{"line":59,"column":9}},{"start":{"line":57,"column":8},"end":{"line":59,"column":9}}],"line":57}},"s":{"0":0,"1":0,"2":0,"3":0,"4":0,"5":0,"6":0,"7":0,"8":0,"9":0,"10":0,"11":0,"12":0,"13":0,"14":0,"15":0,"16":0,"17":0,"18":0,"19":0,"20":0},"f":{"0":0,"1":0,"2":0,"3":0,"4":0,"5":0},"b":{"0":[0,0],"1":[0,0],"2":[0,0]},"_coverageSchema":"1a1c01bbd47fc00a2c39e90264f33305004495a9","hash":"e18fd5a6f22cbea662d770dbd53ad4438d237308"}
,"/media/katala/Локальный диск(ПРОГИ)/Учёба/!КУРСЫ/practice/money_flow/src/repositories/TransactionRepository.js": {"path":"/media/katala/Локальный диск(ПРОГИ)/Учёба/!КУРСЫ/practice/money_flow/src/repositories/TransactionRepository.js","statementMap":{"0":{"start":{"line":3,"column":8},"end":{"line":3,"column":26}},"1":{"start":{"line":7,"column":31},"end":{"line":7,"column":113}},"2":{"start":{"line":10,"column":8},"end":{"line":10,"column":111}},"3":{"start":{"line":11,"column":8},"end":{"line":16,"column":9}},"4":{"start":{"line":12,"column":12},"end":{"line":15,"column":14}},"5":{"start":{"line":18,"column":8},"end":{"line":18,"column":55}},"6":{"start":{"line":19,"column":8},"end":{"line":19,"column":59}},"7":{"start":{"line":21,"column":38},"end":{"line":27,"column":10}},"8":{"start":{"line":29,"column":31},"end":{"line":29,"column":424}},"9":{"start":{"line":31,"column":8},"end":{"line":31,"column":38}},"10":{"start":{"line":35,"column":27},"end":{"line":35,"column":108}},"11":{"start":{"line":36,"column":24},"end":{"line":36,"column":45}},"12":{"start":{"line":38,"column":20},"end":{"line":38,"column":391}},"13":{"start":{"line":39,"column":27},"end":{"line":39,"column":36}},"14":{"start":{"line":41,"column":8},"end":{"line":47,"column":9}},"15":{"start":{"line":42,"column":12},"end":{"line":42,"column":41}},"16":{"start":{"line":43,"column":12},"end":{"line":43,"column":62}},"17":{"start":{"line":46,"column":12},"end":{"line":46,"column":29}},"18":{"start":{"line":49,"column":8},"end":{"line":55,"column":9}},"19":{"start":{"line":50,"column":12},"end":{"line":50,"column":50}},"20":{"start":{"line":51,"column":12},"end":{"line":51,"column":59}},"21":{"start":{"line":54,"column":12},"end":{"line":54,"column":30}},"22":{"start":{"line":57,"column":8},"end":{"line":63,"column":9}},"23":{"start":{"line":58,"column":12},"end":{"line":58,"column":51}},"24":{"start":{"line":59,"column":12},"end":{"line":59,"column":60}},"25":{"start":{"line":62,"column":12},"end":{"line":62,"column":31}},"26":{"start":{"line":66,"column":32},"end":{"line":66,"column":73}},"27":{"start":{"line":68,"column":8},"end":{"line":68,"column":36}}},"fnMap":{"0":{"name":"(anonymous_0)","decl":{"start":{"line":2,"column":4},"end":{"line":2,"column":5}},"loc":{"start":{"line":2,"column":22},"end":{"line":4,"column":5}},"line":2},"1":{"name":"(anonymous_1)","decl":{"start":{"line":6,"column":4},"end":{"line":6,"column":5}},"loc":{"start":{"line":6,"column":81},"end":{"line":32,"column":5}},"line":6},"2":{"name":"(anonymous_2)","decl":{"start":{"line":34,"column":4},"end":{"line":34,"column":5}},"loc":{"start":{"line":34,"column":49},"end":{"line":69,"column":5}},"line":34}},"branchMap":{"0":{"loc":{"start":{"line":11,"column":8},"end":{"line":16,"column":9}},"type":"if","locations":[{"start":{"line":11,"column":8},"end":{"line":16,"column":9}},{"start":{"line":11,"column":8},"end":{"line":16,"column":9}}],"line":11},"1":{"loc":{"start":{"line":41,"column":8},"end":{"line":47,"column":9}},"type":"if","locations":[{"start":{"line":41,"column":8},"end":{"line":47,"column":9}},{"start":{"line":41,"column":8},"end":{"line":47,"column":9}}],"line":41},"2":{"loc":{"start":{"line":49,"column":8},"end":{"line":55,"column":9}},"type":"if","locations":[{"start":{"line":49,"column":8},"end":{"line":55,"column":9}},{"start":{"line":49,"column":8},"end":{"line":55,"column":9}}],"line":49},"3":{"loc":{"start":{"line":57,"column":8},"end":{"line":63,"column":9}},"type":"if","locations":[{"start":{"line":57,"column":8},"end":{"line":63,"column":9}},{"start":{"line":57,"column":8},"end":{"line":63,"column":9}}],"line":57}},"s":{"0":0,"1":0,"2":0,"3":0,"4":0,"5":0,"6":0,"7":0,"8":0,"9":0,"10":0,"11":0,"12":0,"13":0,"14":0,"15":0,"16":0,"17":0,"18":0,"19":0,"20":0,"21":0,"22":0,"23":0,"24":0,"25":0,"26":0,"27":0},"f":{"0":0,"1":0,"2":0},"b":{"0":[0,0],"1":[0,0],"2":[0,0],"3":[0,0]},"_coverageSchema":"1a1c01bbd47fc00a2c39e90264f33305004495a9","hash":"f421584e13dd65f0b67f28e47c24b5e548245975"}
,"/media/katala/Локальный диск(ПРОГИ)/Учёба/!КУРСЫ/practice/money_flow/src/repositories/UserRepository.js": {"path":"/media/katala/Локальный диск(ПРОГИ)/Учёба/!КУРСЫ/practice/money_flow/src/repositories/UserRepository.js","statementMap":{"0":{"start":{"line":5,"column":8},"end":{"line":5,"column":26}},"1":{"start":{"line":9,"column":28},"end":{"line":12,"column":9}},"2":{"start":{"line":14,"column":8},"end":{"line":18,"column":11}},"3":{"start":{"line":22,"column":28},"end":{"line":25,"column":9}},"4":{"start":{"line":27,"column":21},"end":{"line":31,"column":10}},"5":{"start":{"line":32,"column":8},"end":{"line":32,"column":54}},"6":{"start":{"line":34,"column":8},"end":{"line":34,"column":20}},"7":{"start":{"line":38,"column":28},"end":{"line":41,"column":9}},"8":{"start":{"line":43,"column":21},"end":{"line":47,"column":10}},"9":{"start":{"line":48,"column":8},"end":{"line":48,"column":54}},"10":{"start":{"line":50,"column":8},"end":{"line":50,"column":20}},"11":{"start":{"line":54,"column":27},"end":{"line":54,"column":108}},"12":{"start":{"line":56,"column":31},"end":{"line":56,"column":598}},"13":{"start":{"line":58,"column":8},"end":{"line":58,"column":79}},"14":{"start":{"line":62,"column":28},"end":{"line":62,"column":128}},"15":{"start":{"line":64,"column":8},"end":{"line":68,"column":11}}},"fnMap":{"0":{"name":"(anonymous_0)","decl":{"start":{"line":4,"column":4},"end":{"line":4,"column":5}},"loc":{"start":{"line":4,"column":22},"end":{"line":6,"column":5}},"line":4},"1":{"name":"(anonymous_1)","decl":{"start":{"line":8,"column":4},"end":{"line":8,"column":5}},"loc":{"start":{"line":8,"column":42},"end":{"line":19,"column":5}},"line":8},"2":{"name":"(anonymous_2)","decl":{"start":{"line":21,"column":4},"end":{"line":21,"column":5}},"loc":{"start":{"line":21,"column":33},"end":{"line":35,"column":5}},"line":21},"3":{"name":"(anonymous_3)","decl":{"start":{"line":37,"column":4},"end":{"line":37,"column":5}},"loc":{"start":{"line":37,"column":42},"end":{"line":51,"column":5}},"line":37},"4":{"name":"(anonymous_4)","decl":{"start":{"line":53,"column":4},"end":{"line":53,"column":5}},"loc":{"start":{"line":53,"column":33},"end":{"line":59,"column":5}},"line":53},"5":{"name":"(anonymous_5)","decl":{"start":{"line":61,"column":4},"end":{"line":61,"column":5}},"loc":{"start":{"line":61,"column":33},"end":{"line":69,"column":5}},"line":61}},"branchMap":{},"s":{"0":2,"1":0,"2":0,"3":0,"4":0,"5":0,"6":0,"7":11,"8":11,"9":11,"10":11,"11":0,"12":0,"13":0,"14":0,"15":0},"f":{"0":2,"1":0,"2":0,"3":11,"4":0,"5":0},"b":{},"_coverageSchema":"1a1c01bbd47fc00a2c39e90264f33305004495a9","hash":"54f00609d2739f856abe180be8159fd835cbeef6"}
,"/media/katala/Локальный диск(ПРОГИ)/Учёба/!КУРСЫ/practice/money_flow/src/routers/CategoryRouter.js": {"path":"/media/katala/Локальный диск(ПРОГИ)/Учёба/!КУРСЫ/practice/money_flow/src/routers/CategoryRouter.js","statementMap":{"0":{"start":{"line":8,"column":8},"end":{"line":8,"column":40}},"1":{"start":{"line":10,"column":8},"end":{"line":10,"column":64}},"2":{"start":{"line":12,"column":8},"end":{"line":12,"column":36}},"3":{"start":{"line":13,"column":8},"end":{"line":13,"column":66}},"4":{"start":{"line":14,"column":8},"end":{"line":14,"column":70}},"5":{"start":{"line":15,"column":8},"end":{"line":15,"column":39}},"6":{"start":{"line":16,"column":8},"end":{"line":16,"column":72}},"7":{"start":{"line":17,"column":8},"end":{"line":17,"column":75}},"8":{"start":{"line":21,"column":8},"end":{"line":21,"column":28}}},"fnMap":{"0":{"name":"(anonymous_0)","decl":{"start":{"line":7,"column":4},"end":{"line":7,"column":5}},"loc":{"start":{"line":7,"column":22},"end":{"line":18,"column":5}},"line":7},"1":{"name":"(anonymous_1)","decl":{"start":{"line":20,"column":4},"end":{"line":20,"column":5}},"loc":{"start":{"line":20,"column":17},"end":{"line":22,"column":5}},"line":20}},"branchMap":{},"s":{"0":8,"1":8,"2":8,"3":8,"4":8,"5":8,"6":8,"7":8,"8":8},"f":{"0":8,"1":8},"b":{},"_coverageSchema":"1a1c01bbd47fc00a2c39e90264f33305004495a9","hash":"9045d87f8e8e14878b8a29a79ed686c0c9edf3d4"}
,"/media/katala/Локальный диск(ПРОГИ)/Учёба/!КУРСЫ/practice/money_flow/src/routers/UserRouter.js": {"path":"/media/katala/Локальный диск(ПРОГИ)/Учёба/!КУРСЫ/practice/money_flow/src/routers/UserRouter.js","statementMap":{"0":{"start":{"line":7,"column":8},"end":{"line":7,"column":40}},"1":{"start":{"line":8,"column":8},"end":{"line":8,"column":56}},"2":{"start":{"line":11,"column":8},"end":{"line":11,"column":75}},"3":{"start":{"line":12,"column":8},"end":{"line":12,"column":74}},"4":{"start":{"line":14,"column":8},"end":{"line":14,"column":47}},"5":{"start":{"line":15,"column":8},"end":{"line":15,"column":80}},"6":{"start":{"line":17,"column":8},"end":{"line":17,"column":52}},"7":{"start":{"line":18,"column":8},"end":{"line":18,"column":94}},"8":{"start":{"line":19,"column":8},"end":{"line":19,"column":98}},"9":{"start":{"line":21,"column":8},"end":{"line":21,"column":76}},"10":{"start":{"line":22,"column":8},"end":{"line":22,"column":70}},"11":{"start":{"line":26,"column":8},"end":{"line":26,"column":28}}},"fnMap":{"0":{"name":"(anonymous_0)","decl":{"start":{"line":6,"column":4},"end":{"line":6,"column":5}},"loc":{"start":{"line":6,"column":22},"end":{"line":23,"column":5}},"line":6},"1":{"name":"(anonymous_1)","decl":{"start":{"line":25,"column":4},"end":{"line":25,"column":5}},"loc":{"start":{"line":25,"column":17},"end":{"line":27,"column":5}},"line":25}},"branchMap":{},"s":{"0":14,"1":14,"2":14,"3":14,"4":14,"5":14,"6":14,"7":14,"8":14,"9":14,"10":14,"11":14},"f":{"0":14,"1":14},"b":{},"_coverageSchema":"1a1c01bbd47fc00a2c39e90264f33305004495a9","hash":"fa728a59c72e0560cdeee5e326fab0ad33606096"}
,"/media/katala/Локальный диск(ПРОГИ)/Учёба/!КУРСЫ/practice/money_flow/src/security/auth.js": {"path":"/media/katala/Локальный диск(ПРОГИ)/Учёба/!КУРСЫ/practice/money_flow/src/security/auth.js","statementMap":{"0":{"start":{"line":5,"column":23},"end":{"line":5,"column":47}},"1":{"start":{"line":8,"column":4},"end":{"line":27,"column":5}},"2":{"start":{"line":9,"column":22},"end":{"line":9,"column":65}},"3":{"start":{"line":11,"column":24},"end":{"line":11,"column":47}},"4":{"start":{"line":13,"column":21},"end":{"line":16,"column":10}},"5":{"start":{"line":18,"column":8},"end":{"line":24,"column":9}},"6":{"start":{"line":19,"column":12},"end":{"line":19,"column":32}},"7":{"start":{"line":21,"column":12},"end":{"line":21,"column":19}},"8":{"start":{"line":23,"column":12},"end":{"line":23,"column":49}},"9":{"start":{"line":26,"column":8},"end":{"line":26,"column":45}}},"fnMap":{"0":{"name":"checkUser","decl":{"start":{"line":7,"column":15},"end":{"line":7,"column":24}},"loc":{"start":{"line":7,"column":50},"end":{"line":28,"column":1}},"line":7}},"branchMap":{"0":{"loc":{"start":{"line":8,"column":4},"end":{"line":27,"column":5}},"type":"if","locations":[{"start":{"line":8,"column":4},"end":{"line":27,"column":5}},{"start":{"line":8,"column":4},"end":{"line":27,"column":5}}],"line":8},"1":{"loc":{"start":{"line":18,"column":8},"end":{"line":24,"column":9}},"type":"if","locations":[{"start":{"line":18,"column":8},"end":{"line":24,"column":9}},{"start":{"line":18,"column":8},"end":{"line":24,"column":9}}],"line":18},"2":{"loc":{"start":{"line":18,"column":12},"end":{"line":18,"column":76}},"type":"binary-expr","locations":[{"start":{"line":18,"column":12},"end":{"line":18,"column":25}},{"start":{"line":18,"column":29},"end":{"line":18,"column":76}}],"line":18}},"s":{"0":4,"1":12,"2":11,"3":11,"4":11,"5":11,"6":11,"7":11,"8":0,"9":1},"f":{"0":12},"b":{"0":[11,1],"1":[11,0],"2":[11,11]},"_coverageSchema":"1a1c01bbd47fc00a2c39e90264f33305004495a9","hash":"0247a7ebac31d13c0c4be8a12a3848c86d40f9f5"}
}
