{"/media/katala/Локальный диск(ПРОГИ)/Учёба/!КУРСЫ/practice/money_flow/src/database.js": {"path":"/media/katala/Локальный диск(ПРОГИ)/Учёба/!КУРСЫ/practice/money_flow/src/database.js","statementMap":{"0":{"start":{"line":3,"column":13},"end":{"line":9,"column":2}}},"fnMap":{},"branchMap":{},"s":{"0":3},"f":{},"b":{},"_coverageSchema":"1a1c01bbd47fc00a2c39e90264f33305004495a9","hash":"ec78a1bb9fcbdea853d59bc732504e5dc7b68c6f"}
,"/media/katala/Локальный диск(ПРОГИ)/Учёба/!КУРСЫ/practice/money_flow/src/controllers/CategoryController.js": {"path":"/media/katala/Локальный диск(ПРОГИ)/Учёба/!КУРСЫ/practice/money_flow/src/controllers/CategoryController.js","statementMap":{"0":{"start":{"line":5,"column":8},"end":{"line":5,"column":39}},"1":{"start":{"line":6,"column":8},"end":{"line":6,"column":45}},"2":{"start":{"line":7,"column":8},"end":{"line":7,"column":45}},"3":{"start":{"line":8,"column":8},"end":{"line":8,"column":45}},"4":{"start":{"line":10,"column":8},"end":{"line":10,"column":63}},"5":{"start":{"line":14,"column":8},"end":{"line":19,"column":9}},"6":{"start":{"line":15,"column":34},"end":{"line":15,"column":82}},"7":{"start":{"line":16,"column":12},"end":{"line":16,"column":41}},"8":{"start":{"line":18,"column":12},"end":{"line":18,"column":49}},"9":{"start":{"line":23,"column":8},"end":{"line":29,"column":9}},"10":{"start":{"line":24,"column":29},"end":{"line":24,"column":41}},"11":{"start":{"line":25,"column":29},"end":{"line":25,"column":79}},"12":{"start":{"line":26,"column":12},"end":{"line":26,"column":36}},"13":{"start":{"line":28,"column":12},"end":{"line":28,"column":56}},"14":{"start":{"line":33,"column":19},"end":{"line":33,"column":44}},"15":{"start":{"line":34,"column":25},"end":{"line":34,"column":37}},"16":{"start":{"line":36,"column":8},"end":{"line":44,"column":9}},"17":{"start":{"line":37,"column":29},"end":{"line":40,"column":14}},"18":{"start":{"line":41,"column":12},"end":{"line":41,"column":36}},"19":{"start":{"line":43,"column":12},"end":{"line":43,"column":49}},"20":{"start":{"line":48,"column":19},"end":{"line":48,"column":44}},"21":{"start":{"line":50,"column":8},"end":{"line":55,"column":9}},"22":{"start":{"line":51,"column":12},"end":{"line":51,"column":61}},"23":{"start":{"line":52,"column":12},"end":{"line":52,"column":32}},"24":{"start":{"line":54,"column":12},"end":{"line":54,"column":49}}},"fnMap":{"0":{"name":"(anonymous_0)","decl":{"start":{"line":4,"column":4},"end":{"line":4,"column":5}},"loc":{"start":{"line":4,"column":22},"end":{"line":11,"column":5}},"line":4},"1":{"name":"(anonymous_1)","decl":{"start":{"line":13,"column":4},"end":{"line":13,"column":5}},"loc":{"start":{"line":13,"column":33},"end":{"line":20,"column":5}},"line":13},"2":{"name":"(anonymous_2)","decl":{"start":{"line":22,"column":4},"end":{"line":22,"column":5}},"loc":{"start":{"line":22,"column":42},"end":{"line":30,"column":5}},"line":22},"3":{"name":"(anonymous_3)","decl":{"start":{"line":32,"column":4},"end":{"line":32,"column":5}},"loc":{"start":{"line":32,"column":36},"end":{"line":45,"column":5}},"line":32},"4":{"name":"(anonymous_4)","decl":{"start":{"line":47,"column":4},"end":{"line":47,"column":5}},"loc":{"start":{"line":47,"column":36},"end":{"line":56,"column":5}},"line":47}},"branchMap":{},"s":{"0":9,"1":9,"2":9,"3":9,"4":9,"5":2,"6":2,"7":1,"8":1,"9":2,"10":2,"11":2,"12":1,"13":1,"14":2,"15":2,"16":2,"17":2,"18":1,"19":1,"20":2,"21":2,"22":2,"23":1,"24":1},"f":{"0":9,"1":2,"2":2,"3":2,"4":2},"b":{},"_coverageSchema":"1a1c01bbd47fc00a2c39e90264f33305004495a9","hash":"6caf53976a76e8c38f5942d068484b31e5a52814"}
,"/media/katala/Локальный диск(ПРОГИ)/Учёба/!КУРСЫ/practice/money_flow/src/models/Category.js": {"path":"/media/katala/Локальный диск(ПРОГИ)/Учёба/!КУРСЫ/practice/money_flow/src/models/Category.js","statementMap":{"0":{"start":{"line":3,"column":8},"end":{"line":3,"column":22}},"1":{"start":{"line":4,"column":8},"end":{"line":4,"column":26}},"2":{"start":{"line":8,"column":8},"end":{"line":8,"column":24}},"3":{"start":{"line":12,"column":8},"end":{"line":12,"column":26}},"4":{"start":{"line":16,"column":8},"end":{"line":16,"column":30}},"5":{"start":{"line":20,"column":8},"end":{"line":23,"column":10}}},"fnMap":{"0":{"name":"(anonymous_0)","decl":{"start":{"line":2,"column":4},"end":{"line":2,"column":5}},"loc":{"start":{"line":2,"column":30},"end":{"line":5,"column":5}},"line":2},"1":{"name":"(anonymous_1)","decl":{"start":{"line":7,"column":4},"end":{"line":7,"column":5}},"loc":{"start":{"line":7,"column":13},"end":{"line":9,"column":5}},"line":7},"2":{"name":"(anonymous_2)","decl":{"start":{"line":11,"column":4},"end":{"line":11,"column":5}},"loc":{"start":{"line":11,"column":15},"end":{"line":13,"column":5}},"line":11},"3":{"name":"(anonymous_3)","decl":{"start":{"line":15,"column":4},"end":{"line":15,"column":5}},"loc":{"start":{"line":15,"column":23},"end":{"line":17,"column":5}},"line":15},"4":{"name":"(anonymous_4)","decl":{"start":{"line":19,"column":4},"end":{"line":19,"column":5}},"loc":{"start":{"line":19,"column":13},"end":{"line":24,"column":5}},"line":19}},"branchMap":{},"s":{"0":1,"1":1,"2":4,"3":4,"4":0,"5":4},"f":{"0":1,"1":4,"2":4,"3":0,"4":4},"b":{},"_coverageSchema":"1a1c01bbd47fc00a2c39e90264f33305004495a9","hash":"721901eaac4690bc293f3a5900326c8061935cb8"}
,"/media/katala/Локальный диск(ПРОГИ)/Учёба/!КУРСЫ/practice/money_flow/src/models/User.js": {"path":"/media/katala/Локальный диск(ПРОГИ)/Учёба/!КУРСЫ/practice/money_flow/src/models/User.js","statementMap":{"0":{"start":{"line":3,"column":8},"end":{"line":3,"column":22}},"1":{"start":{"line":4,"column":8},"end":{"line":4,"column":26}},"2":{"start":{"line":5,"column":8},"end":{"line":5,"column":28}},"3":{"start":{"line":9,"column":8},"end":{"line":9,"column":24}},"4":{"start":{"line":13,"column":8},"end":{"line":13,"column":26}},"5":{"start":{"line":17,"column":8},"end":{"line":17,"column":30}},"6":{"start":{"line":21,"column":8},"end":{"line":21,"column":27}},"7":{"start":{"line":25,"column":8},"end":{"line":25,"column":30}},"8":{"start":{"line":29,"column":8},"end":{"line":29,"column":27}},"9":{"start":{"line":33,"column":8},"end":{"line":39,"column":10}}},"fnMap":{"0":{"name":"(anonymous_0)","decl":{"start":{"line":2,"column":4},"end":{"line":2,"column":5}},"loc":{"start":{"line":2,"column":37},"end":{"line":6,"column":5}},"line":2},"1":{"name":"(anonymous_1)","decl":{"start":{"line":8,"column":4},"end":{"line":8,"column":5}},"loc":{"start":{"line":8,"column":13},"end":{"line":10,"column":5}},"line":8},"2":{"name":"(anonymous_2)","decl":{"start":{"line":12,"column":4},"end":{"line":12,"column":5}},"loc":{"start":{"line":12,"column":15},"end":{"line":14,"column":5}},"line":12},"3":{"name":"(anonymous_3)","decl":{"start":{"line":16,"column":4},"end":{"line":16,"column":5}},"loc":{"start":{"line":16,"column":23},"end":{"line":18,"column":5}},"line":16},"4":{"name":"(anonymous_4)","decl":{"start":{"line":20,"column":4},"end":{"line":20,"column":5}},"loc":{"start":{"line":20,"column":16},"end":{"line":22,"column":5}},"line":20},"5":{"name":"(anonymous_5)","decl":{"start":{"line":24,"column":4},"end":{"line":24,"column":5}},"loc":{"start":{"line":24,"column":19},"end":{"line":26,"column":5}},"line":24},"6":{"name":"(anonymous_6)","decl":{"start":{"line":28,"column":4},"end":{"line":28,"column":5}},"loc":{"start":{"line":28,"column":16},"end":{"line":30,"column":5}},"line":28},"7":{"name":"(anonymous_7)","decl":{"start":{"line":32,"column":4},"end":{"line":32,"column":5}},"loc":{"start":{"line":32,"column":13},"end":{"line":40,"column":5}},"line":32}},"branchMap":{"0":{"loc":{"start":{"line":38,"column":21},"end":{"line":38,"column":68}},"type":"cond-expr","locations":[{"start":{"line":38,"column":51},"end":{"line":38,"column":64}},{"start":{"line":38,"column":67},"end":{"line":38,"column":68}}],"line":38}},"s":{"0":3,"1":3,"2":3,"3":0,"4":0,"5":0,"6":0,"7":0,"8":0,"9":0},"f":{"0":3,"1":0,"2":0,"3":0,"4":0,"5":0,"6":0,"7":0},"b":{"0":[0,0]},"_coverageSchema":"1a1c01bbd47fc00a2c39e90264f33305004495a9","hash":"9b93c0c16ad19aacc2887b7cd7b78e111904d50a"}
,"/media/katala/Локальный диск(ПРОГИ)/Учёба/!КУРСЫ/practice/money_flow/src/repositories/CategoryRepository.js": {"path":"/media/katala/Локальный диск(ПРОГИ)/Учёба/!КУРСЫ/practice/money_flow/src/repositories/CategoryRepository.js","statementMap":{"0":{"start":{"line":5,"column":8},"end":{"line":5,"column":26}},"1":{"start":{"line":9,"column":8},"end":{"line":22,"column":9}},"2":{"start":{"line":10,"column":31},"end":{"line":10,"column":33}},"3":{"start":{"line":11,"column":34},"end":{"line":11,"column":92}},"4":{"start":{"line":12,"column":12},"end":{"line":18,"column":15}},"5":{"start":{"line":13,"column":33},"end":{"line":16,"column":18}},"6":{"start":{"line":17,"column":16},"end":{"line":17,"column":42}},"7":{"start":{"line":19,"column":12},"end":{"line":19,"column":30}},"8":{"start":{"line":21,"column":12},"end":{"line":21,"column":55}},"9":{"start":{"line":26,"column":28},"end":{"line":29,"column":9}},"10":{"start":{"line":31,"column":8},"end":{"line":33,"column":9}},"11":{"start":{"line":32,"column":12},"end":{"line":32,"column":52}},"12":{"start":{"line":35,"column":8},"end":{"line":38,"column":11}},"13":{"start":{"line":42,"column":28},"end":{"line":42,"column":125}},"14":{"start":{"line":44,"column":8},"end":{"line":46,"column":9}},"15":{"start":{"line":45,"column":12},"end":{"line":45,"column":52}},"16":{"start":{"line":48,"column":8},"end":{"line":51,"column":11}},"17":{"start":{"line":55,"column":23},"end":{"line":55,"column":109}},"18":{"start":{"line":57,"column":8},"end":{"line":59,"column":9}},"19":{"start":{"line":58,"column":12},"end":{"line":58,"column":52}},"20":{"start":{"line":61,"column":8},"end":{"line":61,"column":28}}},"fnMap":{"0":{"name":"(anonymous_0)","decl":{"start":{"line":4,"column":4},"end":{"line":4,"column":5}},"loc":{"start":{"line":4,"column":22},"end":{"line":6,"column":5}},"line":4},"1":{"name":"(anonymous_1)","decl":{"start":{"line":8,"column":4},"end":{"line":8,"column":5}},"loc":{"start":{"line":8,"column":29},"end":{"line":23,"column":5}},"line":8},"2":{"name":"(anonymous_2)","decl":{"start":{"line":12,"column":39},"end":{"line":12,"column":40}},"loc":{"start":{"line":12,"column":56},"end":{"line":18,"column":13}},"line":12},"3":{"name":"(anonymous_3)","decl":{"start":{"line":25,"column":4},"end":{"line":25,"column":5}},"loc":{"start":{"line":25,"column":31},"end":{"line":39,"column":5}},"line":25},"4":{"name":"(anonymous_4)","decl":{"start":{"line":41,"column":4},"end":{"line":41,"column":5}},"loc":{"start":{"line":41,"column":39},"end":{"line":52,"column":5}},"line":41},"5":{"name":"(anonymous_5)","decl":{"start":{"line":54,"column":4},"end":{"line":54,"column":5}},"loc":{"start":{"line":54,"column":29},"end":{"line":62,"column":5}},"line":54}},"branchMap":{"0":{"loc":{"start":{"line":31,"column":8},"end":{"line":33,"column":9}},"type":"if","locations":[{"start":{"line":31,"column":8},"end":{"line":33,"column":9}},{"start":{"line":31,"column":8},"end":{"line":33,"column":9}}],"line":31},"1":{"loc":{"start":{"line":44,"column":8},"end":{"line":46,"column":9}},"type":"if","locations":[{"start":{"line":44,"column":8},"end":{"line":46,"column":9}},{"start":{"line":44,"column":8},"end":{"line":46,"column":9}}],"line":44},"2":{"loc":{"start":{"line":57,"column":8},"end":{"line":59,"column":9}},"type":"if","locations":[{"start":{"line":57,"column":8},"end":{"line":59,"column":9}},{"start":{"line":57,"column":8},"end":{"line":59,"column":9}}],"line":57}},"s":{"0":1,"1":0,"2":0,"3":0,"4":0,"5":0,"6":0,"7":0,"8":0,"9":0,"10":0,"11":0,"12":0,"13":0,"14":0,"15":0,"16":0,"17":0,"18":0,"19":0,"20":0},"f":{"0":1,"1":0,"2":0,"3":0,"4":0,"5":0},"b":{"0":[0,0],"1":[0,0],"2":[0,0]},"_coverageSchema":"1a1c01bbd47fc00a2c39e90264f33305004495a9","hash":"e18fd5a6f22cbea662d770dbd53ad4438d237308"}
,"/media/katala/Локальный диск(ПРОГИ)/Учёба/!КУРСЫ/practice/money_flow/src/repositories/UserRepository.js": {"path":"/media/katala/Локальный диск(ПРОГИ)/Учёба/!КУРСЫ/practice/money_flow/src/repositories/UserRepository.js","statementMap":{"0":{"start":{"line":5,"column":8},"end":{"line":5,"column":26}},"1":{"start":{"line":9,"column":28},"end":{"line":12,"column":9}},"2":{"start":{"line":14,"column":8},"end":{"line":18,"column":11}},"3":{"start":{"line":22,"column":28},"end":{"line":25,"column":9}},"4":{"start":{"line":27,"column":21},"end":{"line":31,"column":10}},"5":{"start":{"line":32,"column":8},"end":{"line":32,"column":54}},"6":{"start":{"line":34,"column":8},"end":{"line":34,"column":20}},"7":{"start":{"line":38,"column":28},"end":{"line":41,"column":9}},"8":{"start":{"line":43,"column":21},"end":{"line":47,"column":10}},"9":{"start":{"line":48,"column":8},"end":{"line":48,"column":54}},"10":{"start":{"line":50,"column":8},"end":{"line":50,"column":20}},"11":{"start":{"line":54,"column":27},"end":{"line":54,"column":108}},"12":{"start":{"line":56,"column":31},"end":{"line":56,"column":598}},"13":{"start":{"line":58,"column":8},"end":{"line":58,"column":79}},"14":{"start":{"line":62,"column":28},"end":{"line":62,"column":128}},"15":{"start":{"line":64,"column":8},"end":{"line":68,"column":11}}},"fnMap":{"0":{"name":"(anonymous_0)","decl":{"start":{"line":4,"column":4},"end":{"line":4,"column":5}},"loc":{"start":{"line":4,"column":22},"end":{"line":6,"column":5}},"line":4},"1":{"name":"(anonymous_1)","decl":{"start":{"line":8,"column":4},"end":{"line":8,"column":5}},"loc":{"start":{"line":8,"column":42},"end":{"line":19,"column":5}},"line":8},"2":{"name":"(anonymous_2)","decl":{"start":{"line":21,"column":4},"end":{"line":21,"column":5}},"loc":{"start":{"line":21,"column":33},"end":{"line":35,"column":5}},"line":21},"3":{"name":"(anonymous_3)","decl":{"start":{"line":37,"column":4},"end":{"line":37,"column":5}},"loc":{"start":{"line":37,"column":42},"end":{"line":51,"column":5}},"line":37},"4":{"name":"(anonymous_4)","decl":{"start":{"line":53,"column":4},"end":{"line":53,"column":5}},"loc":{"start":{"line":53,"column":33},"end":{"line":59,"column":5}},"line":53},"5":{"name":"(anonymous_5)","decl":{"start":{"line":61,"column":4},"end":{"line":61,"column":5}},"loc":{"start":{"line":61,"column":33},"end":{"line":69,"column":5}},"line":61}},"branchMap":{},"s":{"0":2,"1":0,"2":0,"3":0,"4":0,"5":0,"6":0,"7":0,"8":0,"9":0,"10":0,"11":0,"12":0,"13":0,"14":0,"15":0},"f":{"0":2,"1":0,"2":0,"3":0,"4":0,"5":0},"b":{},"_coverageSchema":"1a1c01bbd47fc00a2c39e90264f33305004495a9","hash":"54f00609d2739f856abe180be8159fd835cbeef6"}
,"/media/katala/Локальный диск(ПРОГИ)/Учёба/!КУРСЫ/practice/money_flow/src/routers/CategoryRouter.js": {"path":"/media/katala/Локальный диск(ПРОГИ)/Учёба/!КУРСЫ/practice/money_flow/src/routers/CategoryRouter.js","statementMap":{"0":{"start":{"line":8,"column":8},"end":{"line":8,"column":40}},"1":{"start":{"line":10,"column":8},"end":{"line":10,"column":64}},"2":{"start":{"line":12,"column":8},"end":{"line":12,"column":36}},"3":{"start":{"line":13,"column":8},"end":{"line":13,"column":66}},"4":{"start":{"line":14,"column":8},"end":{"line":14,"column":70}},"5":{"start":{"line":15,"column":8},"end":{"line":15,"column":39}},"6":{"start":{"line":16,"column":8},"end":{"line":16,"column":72}},"7":{"start":{"line":17,"column":8},"end":{"line":17,"column":75}},"8":{"start":{"line":21,"column":8},"end":{"line":21,"column":28}}},"fnMap":{"0":{"name":"(anonymous_0)","decl":{"start":{"line":7,"column":4},"end":{"line":7,"column":5}},"loc":{"start":{"line":7,"column":22},"end":{"line":18,"column":5}},"line":7},"1":{"name":"(anonymous_1)","decl":{"start":{"line":20,"column":4},"end":{"line":20,"column":5}},"loc":{"start":{"line":20,"column":17},"end":{"line":22,"column":5}},"line":20}},"branchMap":{},"s":{"0":9,"1":9,"2":9,"3":9,"4":9,"5":9,"6":9,"7":9,"8":8},"f":{"0":9,"1":8},"b":{},"_coverageSchema":"1a1c01bbd47fc00a2c39e90264f33305004495a9","hash":"9045d87f8e8e14878b8a29a79ed686c0c9edf3d4"}
,"/media/katala/Локальный диск(ПРОГИ)/Учёба/!КУРСЫ/practice/money_flow/src/security/auth.js": {"path":"/media/katala/Локальный диск(ПРОГИ)/Учёба/!КУРСЫ/practice/money_flow/src/security/auth.js","statementMap":{"0":{"start":{"line":5,"column":23},"end":{"line":5,"column":47}},"1":{"start":{"line":8,"column":4},"end":{"line":27,"column":5}},"2":{"start":{"line":9,"column":22},"end":{"line":9,"column":65}},"3":{"start":{"line":11,"column":24},"end":{"line":11,"column":47}},"4":{"start":{"line":13,"column":21},"end":{"line":16,"column":10}},"5":{"start":{"line":18,"column":8},"end":{"line":24,"column":9}},"6":{"start":{"line":19,"column":12},"end":{"line":19,"column":32}},"7":{"start":{"line":21,"column":12},"end":{"line":21,"column":19}},"8":{"start":{"line":23,"column":12},"end":{"line":23,"column":49}},"9":{"start":{"line":26,"column":8},"end":{"line":26,"column":45}}},"fnMap":{"0":{"name":"checkUser","decl":{"start":{"line":7,"column":15},"end":{"line":7,"column":24}},"loc":{"start":{"line":7,"column":50},"end":{"line":28,"column":1}},"line":7}},"branchMap":{"0":{"loc":{"start":{"line":8,"column":4},"end":{"line":27,"column":5}},"type":"if","locations":[{"start":{"line":8,"column":4},"end":{"line":27,"column":5}},{"start":{"line":8,"column":4},"end":{"line":27,"column":5}}],"line":8},"1":{"loc":{"start":{"line":18,"column":8},"end":{"line":24,"column":9}},"type":"if","locations":[{"start":{"line":18,"column":8},"end":{"line":24,"column":9}},{"start":{"line":18,"column":8},"end":{"line":24,"column":9}}],"line":18},"2":{"loc":{"start":{"line":18,"column":12},"end":{"line":18,"column":76}},"type":"binary-expr","locations":[{"start":{"line":18,"column":12},"end":{"line":18,"column":25}},{"start":{"line":18,"column":29},"end":{"line":18,"column":76}}],"line":18}},"s":{"0":3,"1":1,"2":1,"3":1,"4":1,"5":1,"6":0,"7":0,"8":0,"9":0},"f":{"0":1},"b":{"0":[1,0],"1":[0,0],"2":[1,1]},"_coverageSchema":"1a1c01bbd47fc00a2c39e90264f33305004495a9","hash":"0247a7ebac31d13c0c4be8a12a3848c86d40f9f5"}
}
