TN:
SF:src/database.js
FNF:0
FNH:0
DA:3,5
LF:1
LH:1
BRF:0
BRH:0
end_of_record
TN:
SF:src/controllers/CategoryController.js
FN:4,(anonymous_0)
FN:13,(anonymous_1)
FN:22,(anonymous_2)
FN:32,(anonymous_3)
FN:47,(anonymous_4)
FNF:5
FNH:5
FNDA:10,(anonymous_0)
FNDA:2,(anonymous_1)
FNDA:2,(anonymous_2)
FNDA:2,(anonymous_3)
FNDA:2,(anonymous_4)
DA:5,10
DA:6,10
DA:7,10
DA:8,10
DA:10,10
DA:14,2
DA:15,2
DA:16,1
DA:18,1
DA:23,2
DA:24,2
DA:25,2
DA:26,0
DA:28,2
DA:33,2
DA:34,2
DA:36,2
DA:37,2
DA:41,0
DA:43,2
DA:48,2
DA:50,2
DA:51,2
DA:52,0
DA:54,2
LF:25
LH:22
BRF:0
BRH:0
end_of_record
TN:
SF:src/controllers/UserController.js
FN:8,(anonymous_0)
FN:22,(anonymous_1)
FN:38,(anonymous_2)
FN:64,(anonymous_3)
FN:87,(anonymous_4)
FN:104,(anonymous_5)
FN:114,(anonymous_6)
FN:133,(anonymous_7)
FNF:8
FNH:8
FNDA:14,(anonymous_0)
FNDA:2,(anonymous_1)
FNDA:2,(anonymous_2)
FNDA:2,(anonymous_3)
FNDA:2,(anonymous_4)
FNDA:2,(anonymous_5)
FNDA:2,(anonymous_6)
FNDA:2,(anonymous_7)
DA:9,14
DA:10,14
DA:11,14
DA:12,14
DA:13,14
DA:14,14
DA:15,14
DA:17,14
DA:18,14
DA:19,14
DA:23,2
DA:24,2
DA:25,2
DA:26,2
DA:27,2
DA:28,1
DA:29,1
DA:31,0
DA:34,1
DA:39,2
DA:40,2
DA:41,2
DA:42,2
DA:44,2
DA:45,2
DA:47,2
DA:49,0
DA:51,0
DA:58,0
DA:60,2
DA:65,2
DA:66,2
DA:67,2
DA:68,2
DA:70,0
DA:71,0
DA:78,0
DA:80,0
DA:83,2
DA:88,2
DA:89,2
DA:90,2
DA:91,2
DA:93,2
DA:94,2
DA:95,0
DA:97,0
DA:100,2
DA:105,2
DA:106,2
DA:107,2
DA:108,1
DA:110,1
DA:115,2
DA:116,2
DA:117,2
DA:118,2
DA:120,2
DA:122,2
DA:124,2
DA:126,0
DA:129,0
DA:134,2
DA:137,2
DA:138,2
DA:139,2
DA:141,2
DA:143,2
DA:145,2
DA:147,0
DA:150,0
LF:71
LH:57
BRDA:26,0,0,2
BRDA:26,0,1,0
BRDA:26,1,0,2
BRDA:26,1,1,2
BRDA:70,2,0,0
BRDA:70,2,1,0
BRDA:93,3,0,2
BRDA:93,3,1,0
BRDA:93,4,0,2
BRDA:93,4,1,2
BRDA:118,5,0,2
BRDA:118,5,1,0
BRDA:120,6,0,2
BRDA:120,6,1,0
BRDA:120,7,0,2
BRDA:120,7,1,2
BRDA:141,8,0,2
BRDA:141,8,1,0
BRDA:141,9,0,2
BRDA:141,9,1,2
BRF:20
BRH:13
end_of_record
TN:
SF:src/models/Category.js
FN:2,(anonymous_0)
FN:7,(anonymous_1)
FN:11,(anonymous_2)
FN:15,(anonymous_3)
FN:19,(anonymous_4)
FNF:5
FNH:4
FNDA:1,(anonymous_0)
FNDA:2,(anonymous_1)
FNDA:2,(anonymous_2)
FNDA:0,(anonymous_3)
FNDA:2,(anonymous_4)
DA:3,1
DA:4,1
DA:8,2
DA:12,2
DA:16,0
DA:20,2
LF:6
LH:5
BRF:0
BRH:0
end_of_record
TN:
SF:src/models/User.js
FN:2,(anonymous_0)
FN:8,(anonymous_1)
FN:12,(anonymous_2)
FN:16,(anonymous_3)
FN:20,(anonymous_4)
FN:24,(anonymous_5)
FN:28,(anonymous_6)
FN:32,(anonymous_7)
FNF:8
FNH:6
FNDA:7,(anonymous_0)
FNDA:15,(anonymous_1)
FNDA:5,(anonymous_2)
FNDA:0,(anonymous_3)
FNDA:5,(anonymous_4)
FNDA:0,(anonymous_5)
FNDA:5,(anonymous_6)
FNDA:5,(anonymous_7)
DA:3,7
DA:4,7
DA:5,7
DA:9,15
DA:13,5
DA:17,0
DA:21,5
DA:25,0
DA:29,5
DA:33,5
LF:10
LH:8
BRDA:38,0,0,3
BRDA:38,0,1,2
BRF:2
BRH:2
end_of_record
TN:
SF:src/repositories/AgentRepository.js
FN:2,(anonymous_0)
FN:6,(anonymous_1)
FNF:2
FNH:0
FNDA:0,(anonymous_0)
FNDA:0,(anonymous_1)
DA:3,0
DA:7,0
DA:11,0
LF:3
LH:0
BRF:0
BRH:0
end_of_record
TN:
SF:src/repositories/CategoryRepository.js
FN:4,(anonymous_0)
FN:8,(anonymous_1)
FN:12,(anonymous_2)
FN:25,(anonymous_3)
FN:41,(anonymous_4)
FN:54,(anonymous_5)
FNF:6
FNH:1
FNDA:2,(anonymous_0)
FNDA:0,(anonymous_1)
FNDA:0,(anonymous_2)
FNDA:0,(anonymous_3)
FNDA:0,(anonymous_4)
FNDA:0,(anonymous_5)
DA:5,2
DA:9,0
DA:10,0
DA:11,0
DA:12,0
DA:13,0
DA:17,0
DA:19,0
DA:21,0
DA:26,0
DA:31,0
DA:32,0
DA:35,0
DA:42,0
DA:44,0
DA:45,0
DA:48,0
DA:55,0
DA:57,0
DA:58,0
DA:61,0
LF:21
LH:1
BRDA:31,0,0,0
BRDA:31,0,1,0
BRDA:44,1,0,0
BRDA:44,1,1,0
BRDA:57,2,0,0
BRDA:57,2,1,0
BRF:6
BRH:0
end_of_record
TN:
SF:src/repositories/TransactionRepository.js
FN:2,(anonymous_0)
FN:6,(anonymous_1)
FN:34,(anonymous_2)
FNF:3
FNH:0
FNDA:0,(anonymous_0)
FNDA:0,(anonymous_1)
FNDA:0,(anonymous_2)
DA:3,0
DA:7,0
DA:10,0
DA:11,0
DA:12,0
DA:18,0
DA:19,0
DA:21,0
DA:29,0
DA:31,0
DA:35,0
DA:36,0
DA:38,0
DA:39,0
DA:41,0
DA:42,0
DA:43,0
DA:46,0
DA:49,0
DA:50,0
DA:51,0
DA:54,0
DA:57,0
DA:58,0
DA:59,0
DA:62,0
DA:66,0
DA:68,0
LF:28
LH:0
BRDA:11,0,0,0
BRDA:11,0,1,0
BRDA:41,1,0,0
BRDA:41,1,1,0
BRDA:49,2,0,0
BRDA:49,2,1,0
BRDA:57,3,0,0
BRDA:57,3,1,0
BRF:8
BRH:0
end_of_record
TN:
SF:src/repositories/UserRepository.js
FN:4,(anonymous_0)
FN:8,(anonymous_1)
FN:21,(anonymous_2)
FN:37,(anonymous_3)
FN:53,(anonymous_4)
FN:61,(anonymous_5)
FNF:6
FNH:1
FNDA:2,(anonymous_0)
FNDA:0,(anonymous_1)
FNDA:0,(anonymous_2)
FNDA:0,(anonymous_3)
FNDA:0,(anonymous_4)
FNDA:0,(anonymous_5)
DA:5,2
DA:9,0
DA:14,0
DA:22,0
DA:27,0
DA:32,0
DA:34,0
DA:38,0
DA:43,0
DA:48,0
DA:50,0
DA:54,0
DA:56,0
DA:58,0
DA:62,0
DA:64,0
LF:16
LH:1
BRF:0
BRH:0
end_of_record
TN:
SF:src/routers/CategoryRouter.js
FN:7,(anonymous_0)
FN:20,(anonymous_1)
FNF:2
FNH:2
FNDA:10,(anonymous_0)
FNDA:8,(anonymous_1)
DA:8,10
DA:10,10
DA:12,10
DA:13,10
DA:14,10
DA:15,10
DA:16,10
DA:17,10
DA:21,8
LF:9
LH:9
BRF:0
BRH:0
end_of_record
TN:
SF:src/routers/UserRouter.js
FN:6,(anonymous_0)
FN:25,(anonymous_1)
FNF:2
FNH:2
FNDA:14,(anonymous_0)
FNDA:14,(anonymous_1)
DA:7,14
DA:8,14
DA:11,14
DA:12,14
DA:14,14
DA:15,14
DA:17,14
DA:18,14
DA:19,14
DA:21,14
DA:22,14
DA:26,14
LF:12
LH:12
BRF:0
BRH:0
end_of_record
TN:
SF:src/security/auth.js
FN:7,checkUser
FNF:1
FNH:1
FNDA:2,checkUser
DA:5,5
DA:8,2
DA:9,2
DA:10,2
DA:11,2
DA:12,2
DA:16,2
DA:17,0
DA:18,0
DA:20,0
DA:23,0
DA:26,2
LF:12
LH:8
BRDA:9,0,0,2
BRDA:9,0,1,0
BRDA:16,1,0,0
BRDA:16,1,1,0
BRDA:16,2,0,2
BRDA:16,2,1,2
BRF:6
BRH:3
end_of_record
