TN:
SF:src/database.js
FNF:0
FNH:0
DA:3,4
LF:1
LH:1
BRF:0
BRH:0
end_of_record
TN:
SF:src/controllers/CategoryController.js
FN:4,(anonymous_0)
FN:13,(anonymous_1)
FN:22,(anonymous_2)
FN:34,(anonymous_3)
FN:49,(anonymous_4)
FNF:5
FNH:5
FNDA:8,(anonymous_0)
FNDA:1,(anonymous_1)
FNDA:2,(anonymous_2)
FNDA:2,(anonymous_3)
FNDA:2,(anonymous_4)
DA:5,8
DA:6,8
DA:7,8
DA:8,8
DA:10,8
DA:14,1
DA:15,1
DA:16,1
DA:18,0
DA:23,2
DA:24,2
DA:26,2
DA:28,1
DA:30,1
DA:35,2
DA:36,2
DA:38,2
DA:39,2
DA:43,1
DA:45,1
DA:50,2
DA:52,2
DA:53,2
DA:54,1
DA:56,1
LF:25
LH:24
BRF:0
BRH:0
end_of_record
TN:
SF:src/controllers/UserController.js
FN:8,(anonymous_0)
FN:22,(anonymous_1)
FN:40,(anonymous_2)
FN:68,(anonymous_3)
FN:94,(anonymous_4)
FN:112,(anonymous_5)
FN:123,(anonymous_6)
FN:143,(anonymous_7)
FNF:8
FNH:8
FNDA:14,(anonymous_0)
FNDA:2,(anonymous_1)
FNDA:2,(anonymous_2)
FNDA:2,(anonymous_3)
FNDA:2,(anonymous_4)
FNDA:2,(anonymous_5)
FNDA:2,(anonymous_6)
FNDA:2,(anonymous_7)
DA:9,14
DA:10,14
DA:11,14
DA:12,14
DA:13,14
DA:14,14
DA:15,14
DA:17,14
DA:18,14
DA:19,14
DA:23,2
DA:24,2
DA:25,2
DA:27,2
DA:28,2
DA:30,1
DA:31,1
DA:33,0
DA:36,1
DA:41,2
DA:42,2
DA:43,2
DA:44,2
DA:46,2
DA:47,2
DA:49,2
DA:51,1
DA:53,1
DA:61,1
DA:63,1
DA:69,2
DA:70,2
DA:71,2
DA:73,2
DA:75,1
DA:76,1
DA:84,1
DA:86,0
DA:89,1
DA:95,2
DA:96,2
DA:97,2
DA:98,2
DA:100,2
DA:101,2
DA:102,1
DA:104,0
DA:107,1
DA:113,2
DA:114,2
DA:115,2
DA:116,1
DA:118,1
DA:124,2
DA:125,2
DA:126,2
DA:127,2
DA:129,2
DA:131,2
DA:133,1
DA:135,0
DA:138,1
DA:144,2
DA:147,2
DA:148,2
DA:149,2
DA:151,2
DA:153,2
DA:155,1
DA:157,0
DA:160,1
LF:71
LH:66
BRDA:27,0,0,2
BRDA:27,0,1,0
BRDA:27,1,0,2
BRDA:27,1,1,2
BRDA:75,2,0,1
BRDA:75,2,1,0
BRDA:100,3,0,2
BRDA:100,3,1,0
BRDA:100,4,0,2
BRDA:100,4,1,2
BRDA:127,5,0,2
BRDA:127,5,1,0
BRDA:129,6,0,2
BRDA:129,6,1,0
BRDA:129,7,0,2
BRDA:129,7,1,2
BRDA:151,8,0,2
BRDA:151,8,1,0
BRDA:151,9,0,2
BRDA:151,9,1,2
BRF:20
BRH:14
end_of_record
TN:
SF:src/models/Category.js
FN:2,(anonymous_0)
FN:7,(anonymous_1)
FN:11,(anonymous_2)
FN:15,(anonymous_3)
FN:19,(anonymous_4)
FNF:5
FNH:4
FNDA:1,(anonymous_0)
FNDA:4,(anonymous_1)
FNDA:4,(anonymous_2)
FNDA:0,(anonymous_3)
FNDA:4,(anonymous_4)
DA:3,1
DA:4,1
DA:8,4
DA:12,4
DA:16,0
DA:20,4
LF:6
LH:5
BRF:0
BRH:0
end_of_record
TN:
SF:src/models/User.js
FN:2,(anonymous_0)
FN:8,(anonymous_1)
FN:12,(anonymous_2)
FN:16,(anonymous_3)
FN:20,(anonymous_4)
FN:24,(anonymous_5)
FN:28,(anonymous_6)
FN:32,(anonymous_7)
FNF:8
FNH:7
FNDA:15,(anonymous_0)
FNDA:20,(anonymous_1)
FNDA:10,(anonymous_2)
FNDA:0,(anonymous_3)
FNDA:9,(anonymous_4)
FNDA:13,(anonymous_5)
FNDA:7,(anonymous_6)
FNDA:7,(anonymous_7)
DA:3,15
DA:4,15
DA:5,15
DA:9,20
DA:13,10
DA:17,0
DA:21,9
DA:25,13
DA:29,7
DA:33,7
LF:10
LH:9
BRDA:38,0,0,5
BRDA:38,0,1,2
BRF:2
BRH:2
end_of_record
TN:
SF:src/repositories/AgentRepository.js
FN:2,(anonymous_0)
FN:6,(anonymous_1)
FNF:2
FNH:0
FNDA:0,(anonymous_0)
FNDA:0,(anonymous_1)
DA:3,0
DA:7,0
DA:11,0
LF:3
LH:0
BRF:0
BRH:0
end_of_record
TN:
SF:src/repositories/CategoryRepository.js
FN:4,(anonymous_0)
FN:8,(anonymous_1)
FN:14,(anonymous_2)
FN:28,(anonymous_3)
FN:44,(anonymous_4)
FN:57,(anonymous_5)
FNF:6
FNH:0
FNDA:0,(anonymous_0)
FNDA:0,(anonymous_1)
FNDA:0,(anonymous_2)
FNDA:0,(anonymous_3)
FNDA:0,(anonymous_4)
FNDA:0,(anonymous_5)
DA:5,0
DA:9,0
DA:10,0
DA:12,0
DA:14,0
DA:15,0
DA:19,0
DA:22,0
DA:24,0
DA:29,0
DA:34,0
DA:35,0
DA:38,0
DA:45,0
DA:47,0
DA:48,0
DA:51,0
DA:58,0
DA:60,0
DA:61,0
DA:64,0
LF:21
LH:0
BRDA:34,0,0,0
BRDA:34,0,1,0
BRDA:47,1,0,0
BRDA:47,1,1,0
BRDA:60,2,0,0
BRDA:60,2,1,0
BRF:6
BRH:0
end_of_record
TN:
SF:src/repositories/TransactionRepository.js
FN:2,(anonymous_0)
FN:6,(anonymous_1)
FN:34,(anonymous_2)
FNF:3
FNH:0
FNDA:0,(anonymous_0)
FNDA:0,(anonymous_1)
FNDA:0,(anonymous_2)
DA:3,0
DA:7,0
DA:10,0
DA:11,0
DA:12,0
DA:18,0
DA:19,0
DA:21,0
DA:29,0
DA:31,0
DA:35,0
DA:36,0
DA:38,0
DA:39,0
DA:41,0
DA:42,0
DA:43,0
DA:46,0
DA:49,0
DA:50,0
DA:51,0
DA:54,0
DA:57,0
DA:58,0
DA:59,0
DA:62,0
DA:66,0
DA:68,0
LF:28
LH:0
BRDA:11,0,0,0
BRDA:11,0,1,0
BRDA:41,1,0,0
BRDA:41,1,1,0
BRDA:49,2,0,0
BRDA:49,2,1,0
BRDA:57,3,0,0
BRDA:57,3,1,0
BRF:8
BRH:0
end_of_record
TN:
SF:src/repositories/UserRepository.js
FN:4,(anonymous_0)
FN:8,(anonymous_1)
FN:21,(anonymous_2)
FN:37,(anonymous_3)
FN:53,(anonymous_4)
FN:61,(anonymous_5)
FNF:6
FNH:2
FNDA:2,(anonymous_0)
FNDA:0,(anonymous_1)
FNDA:0,(anonymous_2)
FNDA:11,(anonymous_3)
FNDA:0,(anonymous_4)
FNDA:0,(anonymous_5)
DA:5,2
DA:9,0
DA:14,0
DA:22,0
DA:27,0
DA:32,0
DA:34,0
DA:38,11
DA:43,11
DA:48,11
DA:50,11
DA:54,0
DA:56,0
DA:58,0
DA:62,0
DA:64,0
LF:16
LH:5
BRF:0
BRH:0
end_of_record
TN:
SF:src/routers/CategoryRouter.js
FN:7,(anonymous_0)
FN:20,(anonymous_1)
FNF:2
FNH:2
FNDA:8,(anonymous_0)
FNDA:8,(anonymous_1)
DA:8,8
DA:10,8
DA:12,8
DA:13,8
DA:14,8
DA:15,8
DA:16,8
DA:17,8
DA:21,8
LF:9
LH:9
BRF:0
BRH:0
end_of_record
TN:
SF:src/routers/UserRouter.js
FN:6,(anonymous_0)
FN:25,(anonymous_1)
FNF:2
FNH:2
FNDA:14,(anonymous_0)
FNDA:14,(anonymous_1)
DA:7,14
DA:8,14
DA:11,14
DA:12,14
DA:14,14
DA:15,14
DA:17,14
DA:18,14
DA:19,14
DA:21,14
DA:22,14
DA:26,14
LF:12
LH:12
BRF:0
BRH:0
end_of_record
TN:
SF:src/security/auth.js
FN:7,checkUser
FNF:1
FNH:1
FNDA:12,checkUser
DA:5,4
DA:8,12
DA:9,11
DA:11,11
DA:13,11
DA:18,11
DA:19,11
DA:21,11
DA:23,0
DA:26,1
LF:10
LH:9
BRDA:8,0,0,11
BRDA:8,0,1,1
BRDA:18,1,0,11
BRDA:18,1,1,0
BRDA:18,2,0,11
BRDA:18,2,1,11
BRF:6
BRH:5
end_of_record
